<?xml version="1.0" encoding="UTF-8"?>
<!-- Generated by org.testng.reporters.JUnitXMLReporter -->
<testsuite ignored="0" hostname="LAPTOP-5EACHOO7" failures="0" tests="3" name="Default test" time="12.356" errors="0" timestamp="2023-10-24T13:21:36 EET">
  <testcase classname="swagLab.testingClass" name="LoginWithPerformanceUser" time="3.398"/>
  <testcase classname="swagLab.testingClass" name="LoginWithProblemUser" time="3.326"/>
  <testcase classname="swagLab.testingClass" name="LoginWithStandardUSer" time="3.322"/>
</testsuite> <!-- Default test -->
