<?xml version="1.0" encoding="UTF-8"?>
<testng-results ignored="0" total="3" passed="3" failed="0" skipped="0">
  <reporter-output>
  </reporter-output>
  <suite started-at="2023-10-24T13:21:24 EET" name="Default suite" finished-at="2023-10-24T13:21:36 EET" duration-ms="12356">
    <groups>
    </groups>
    <test started-at="2023-10-24T13:21:24 EET" name="Default test" finished-at="2023-10-24T13:21:36 EET" duration-ms="12356">
      <class name="swagLab.testingClass">
        <test-method is-config="true" signature="mySetup()[pri:0, instance:swagLab.testingClass@3829ac1]" started-at="2023-10-24T13:21:24 EET" name="mySetup" finished-at="2023-10-24T13:21:26 EET" duration-ms="2063" status="PASS">
          <reporter-output>
          </reporter-output>
        </test-method> <!-- mySetup -->
        <test-method signature="LoginWithPerformanceUser()[pri:0, instance:swagLab.testingClass@3829ac1]" started-at="2023-10-24T13:21:26 EET" name="LoginWithPerformanceUser" finished-at="2023-10-24T13:21:29 EET" duration-ms="3398" status="PASS">
          <reporter-output>
          </reporter-output>
        </test-method> <!-- LoginWithPerformanceUser -->
        <test-method is-config="true" signature="mySetup()[pri:0, instance:swagLab.testingClass@3829ac1]" started-at="2023-10-24T13:21:29 EET" name="mySetup" finished-at="2023-10-24T13:21:29 EET" duration-ms="126" status="PASS">
          <reporter-output>
          </reporter-output>
        </test-method> <!-- mySetup -->
        <test-method signature="LoginWithProblemUser()[pri:0, instance:swagLab.testingClass@3829ac1]" started-at="2023-10-24T13:21:29 EET" name="LoginWithProblemUser" finished-at="2023-10-24T13:21:33 EET" duration-ms="3326" status="PASS">
          <reporter-output>
          </reporter-output>
        </test-method> <!-- LoginWithProblemUser -->
        <test-method is-config="true" signature="mySetup()[pri:0, instance:swagLab.testingClass@3829ac1]" started-at="2023-10-24T13:21:33 EET" name="mySetup" finished-at="2023-10-24T13:21:33 EET" duration-ms="58" status="PASS">
          <reporter-output>
          </reporter-output>
        </test-method> <!-- mySetup -->
        <test-method signature="LoginWithStandardUSer()[pri:0, instance:swagLab.testingClass@3829ac1]" started-at="2023-10-24T13:21:33 EET" name="LoginWithStandardUSer" finished-at="2023-10-24T13:21:36 EET" duration-ms="3322" status="PASS">
          <reporter-output>
          </reporter-output>
        </test-method> <!-- LoginWithStandardUSer -->
        <test-method is-config="true" signature="myPostTesting()[pri:0, instance:swagLab.testingClass@3829ac1]" started-at="2023-10-24T13:21:36 EET" name="myPostTesting" finished-at="2023-10-24T13:21:36 EET" duration-ms="0" status="PASS">
          <reporter-output>
          </reporter-output>
        </test-method> <!-- myPostTesting -->
      </class> <!-- swagLab.testingClass -->
    </test> <!-- Default test -->
  </suite> <!-- Default suite -->
</testng-results>
